<?xml version="1.0" encoding="UTF-8"?>
<!-- Generated by org.testng.reporters.JUnitReportReporter -->
<testsuite skipped="0" hostname="DESKTOP-941N14D" name="tests.LoginTest" tests="2" failures="0" timestamp="2020-01-04T16:14:44 ART" time="7.473" errors="0">
  <testcase name="test_Login_To_Home_Page2" time="3.146" classname="tests.LoginTest"/>
  <testcase name="test_Login_To_Home_Page" time="4.327" classname="tests.LoginTest"/>
</testsuite> <!-- tests.LoginTest -->
