<?xml version="1.0" encoding="UTF-8"?>
<!-- Generated by org.testng.reporters.JUnitReportReporter -->
<testsuite skipped="0" hostname="DESKTOP-941N14D" name="tests.AddNewCustomerTest" tests="1" failures="0" timestamp="2020-01-04T16:21:45 ART" time="1.121" errors="0">
  <testcase name="createNewCustomer" time="1.121" classname="tests.AddNewCustomerTest"/>
</testsuite> <!-- tests.AddNewCustomerTest -->
